Hostname: seesPC022
Timestamp: 2025-07-29_12-08-30
Command: register.py --sinogram-size 32 --ct-nrrd-path /home/eprager/Documents/Data/4th year project/First/ct.nrrd -r 

[  INFO  ] at [2025-07-29 12:08:30,140] Using device: cuda                     in [Function 'main'] [File /home/eprager/Documents/PyTorchExtensionTest/register.py:35]
[WARNING ] at [2025-07-29 12:08:30,140] No cache file 'cache/volume_spec_61a5028729a40b328945d52ca1f8b83c0537bf2d77a724ca6c16efeaec050779.pt' found.                     in [Function 'load_cached_volume'] [File /home/eprager/Documents/PyTorchExtensionTest/registration/data.py:153]
[  INFO  ] at [2025-07-29 12:08:30,140] Loading CT data file '/home/eprager/Documents/Data/4th year project/First/ct.nrrd'...                     in [Function 'read_volume'] [File /home/eprager/Documents/PyTorchExtensionTest/registration/data.py:28]
[  INFO  ] at [2025-07-29 12:08:30,753] CT data file loaded.                     in [Function 'read_volume'] [File /home/eprager/Documents/PyTorchExtensionTest/registration/data.py:33]
[  INFO  ] at [2025-07-29 12:08:30,765] Processing CT data...                     in [Function 'load_volume'] [File /home/eprager/Documents/PyTorchExtensionTest/registration/data.py:93]
[  INFO  ] at [2025-07-29 12:08:30,765] CT data volume size = [512 x 512 x 279]                     in [Function 'load_volume'] [File /home/eprager/Documents/PyTorchExtensionTest/registration/data.py:95]
[  INFO  ] at [2025-07-29 12:08:31,408] CT volume size after down-sampling = [256 x 256 x 139]                     in [Function 'load_volume'] [File /home/eprager/Documents/PyTorchExtensionTest/registration/data.py:104]
[  INFO  ] at [2025-07-29 12:08:31,408] CT voxel spacing after down-sampling = [0.6000000000000001 x 0.7139999999999999 x 0.7139999999999999] mm                     in [Function 'load_volume'] [File /home/eprager/Documents/PyTorchExtensionTest/registration/data.py:106]
[  INFO  ] at [2025-07-29 12:08:31,408] CT data file processed.                     in [Function 'load_volume'] [File /home/eprager/Documents/PyTorchExtensionTest/registration/data.py:107]
[  INFO  ] at [2025-07-29 12:08:31,554] Calculating 3D sinogram (the volume to resample): volume size = [256 x 256 x 139], sinogram size = 32...                     in [Function 'calculate_volume_sinogram'] [File /home/eprager/Documents/PyTorchExtensionTest/registration/pre_computed.py:34]
[  INFO  ] at [2025-07-29 12:08:31,606] 3D sinogram calculated; took 0.0516s.                     in [Function 'calculate_volume_sinogram'] [File /home/eprager/Documents/PyTorchExtensionTest/registration/pre_computed.py:42]
[  INFO  ] at [2025-07-29 12:08:31,616] SinogramClassic initialised with size (phi count + 2, theta count + 2, r count) = (34, 34, 32)                     in [Function '__init__'] [File /home/eprager/Documents/PyTorchExtensionTest/registration/lib/sinogram.py:85]
[  INFO  ] at [2025-07-29 12:08:31,617] 3D sinogram saved to 'cache/volume_spec_61a5028729a40b328945d52ca1f8b83c0537bf2d77a724ca6c16efeaec050779.pt'                     in [Function 'calculate_volume_sinogram'] [File /home/eprager/Documents/PyTorchExtensionTest/registration/pre_computed.py:50]
[  INFO  ] at [2025-07-29 12:08:31,673] Generating DRR at transformation:
	r = tensor([ 2.7178,  0.2459, -0.1408], device='cuda:0')
	t = tensor([  0.8495,  -8.8205, -21.9391], device='cuda:0')...                     in [Function 'generate_drr_as_target'] [File /home/eprager/Documents/PyTorchExtensionTest/registration/drr.py:15]
[  INFO  ] at [2025-07-29 12:08:31,778] DRR generated.                     in [Function 'generate_drr_as_target'] [File /home/eprager/Documents/PyTorchExtensionTest/registration/drr.py:33]
[  INFO  ] at [2025-07-29 12:08:31,782] DRR sinogram saved to 'cache/drr_spec_407d078024f0d90856db3ce19dce59a520127c24d982c62e6481ef2c8cf7a1d0.pt'                     in [Function 'generate_drr_as_target'] [File /home/eprager/Documents/PyTorchExtensionTest/registration/drr.py:57]
[  INFO  ] at [2025-07-29 12:08:31,782] Calculating 2D sinogram (the fixed image)...                     in [Function 'main'] [File /home/eprager/Documents/PyTorchExtensionTest/register.py:92]
[  INFO  ] at [2025-07-29 12:08:32,153] X-ray sinogram calculated.                     in [Function 'main'] [File /home/eprager/Documents/PyTorchExtensionTest/register.py:102]
[  INFO  ] at [2025-07-29 12:08:32,153] Plotting DRR/X-ray and fixed image...                     in [Function 'main'] [File /home/eprager/Documents/PyTorchExtensionTest/register.py:104]
[  INFO  ] at [2025-07-29 12:08:32,350] DRR/X-ray and fixed image plotted.                     in [Function 'main'] [File /home/eprager/Documents/PyTorchExtensionTest/register.py:126]
[  INFO  ] at [2025-07-29 12:08:32,350] Evaluating at ground truth...                     in [Function 'main'] [File /home/eprager/Documents/PyTorchExtensionTest/register.py:129]
