Hostname: seesPC022
Timestamp: 2025-06-24_17-59-59
Command: /home/eprager/Documents/PyTorchExtensionTest/interface.py --ct-nrrd-path /home/eprager/Documents/Data/4th year project/First/ct.nrrd --x-ray /home/eprager/Documents/Data/4th year project/First/x_ray/x_ray.dcm 

[  INFO  ] at [2025-06-24 17:59:59,313] Using device: cuda                     in [Function 'main'] [File /home/eprager/Documents/PyTorchExtensionTest/interface.py:253]
[  INFO  ] at [2025-06-24 17:59:59,507] Loaded cached volume spec from 'cache/volume_spec_a047ed3901661bf69ddf3119b89900e05a04ef3a2ebc68d2ccb36f7254133eb6.pt'; sinogram size = [258 x 258 x 256]                     in [Function 'load_cached_volume'] [File /home/eprager/Documents/PyTorchExtensionTest/registration/data.py:154]
[  INFO  ] at [2025-06-24 17:59:59,507] Loading CT data file '/home/eprager/Documents/Data/4th year project/First/ct.nrrd'...                     in [Function 'read_volume'] [File /home/eprager/Documents/PyTorchExtensionTest/registration/data.py:26]
[  INFO  ] at [2025-06-24 18:00:00,148] CT data file loaded.                     in [Function 'read_volume'] [File /home/eprager/Documents/PyTorchExtensionTest/registration/data.py:31]
[  INFO  ] at [2025-06-24 18:00:00,166] Processing CT data...                     in [Function 'load_volume'] [File /home/eprager/Documents/PyTorchExtensionTest/registration/data.py:90]
[  INFO  ] at [2025-06-24 18:00:00,166] CT data volume size = [512 x 512 x 279]                     in [Function 'load_volume'] [File /home/eprager/Documents/PyTorchExtensionTest/registration/data.py:92]
[  INFO  ] at [2025-06-24 18:00:00,898] CT volume size after down-sampling = [256 x 256 x 139]                     in [Function 'load_volume'] [File /home/eprager/Documents/PyTorchExtensionTest/registration/data.py:101]
[  INFO  ] at [2025-06-24 18:00:00,898] CT voxel spacing after down-sampling = [0.6000000000000001 x 0.7139999999999999 x 0.7139999999999999] mm                     in [Function 'load_volume'] [File /home/eprager/Documents/PyTorchExtensionTest/registration/data.py:103]
[  INFO  ] at [2025-06-24 18:00:00,898] CT data file processed.                     in [Function 'load_volume'] [File /home/eprager/Documents/PyTorchExtensionTest/registration/data.py:104]
[  INFO  ] at [2025-06-24 18:00:00,911] Loading X-ray DICOM file /home/eprager/Documents/Data/4th year project/First/x_ray/x_ray.dcm...                     in [Function 'read_dicom'] [File /home/eprager/Documents/PyTorchExtensionTest/registration/data.py:109]
[  INFO  ] at [2025-06-24 18:00:00,913] DICOM file loaded.                     in [Function 'read_dicom'] [File /home/eprager/Documents/PyTorchExtensionTest/registration/data.py:111]
[  INFO  ] at [2025-06-24 18:00:00,913] Processing DICOM data...                     in [Function 'read_dicom'] [File /home/eprager/Documents/PyTorchExtensionTest/registration/data.py:112]
[  INFO  ] at [2025-06-24 18:00:00,915] X-ray image size = [1080 x 1219]                     in [Function 'read_dicom'] [File /home/eprager/Documents/PyTorchExtensionTest/registration/data.py:114]
[  INFO  ] at [2025-06-24 18:00:00,915] X-ray image size after down-sampling = [270 x 304]                     in [Function 'read_dicom'] [File /home/eprager/Documents/PyTorchExtensionTest/registration/data.py:118]
[  INFO  ] at [2025-06-24 18:00:00,915] X-ray pixel spacing = [0.758400022983551 x 0.758400022983551] mm                     in [Function 'read_dicom'] [File /home/eprager/Documents/PyTorchExtensionTest/registration/data.py:125]
[  INFO  ] at [2025-06-24 18:00:00,915] X-ray distance source-to-patient = 948.000000 mm                     in [Function 'read_dicom'] [File /home/eprager/Documents/PyTorchExtensionTest/registration/data.py:127]
[  INFO  ] at [2025-06-24 18:00:00,915] X-ray DICOM file processed.                     in [Function 'read_dicom'] [File /home/eprager/Documents/PyTorchExtensionTest/registration/data.py:138]
