Hostname: seesPC022
Timestamp: 2025-07-29_09-20-55
Command: /home/eprager/Documents/PyTorchExtensionTest/interface.py --sinogram-size 128 --ct-nrrd-path /home/eprager/Documents/Data/4th year project/First/ct.nrrd --x-ray /home/eprager/Documents/Data/4th year project/First/x_ray/x_ray.dcm 

[  INFO  ] at [2025-07-29 09:20:55,185] Using device: cuda                     in [Function 'main'] [File /home/eprager/Documents/PyTorchExtensionTest/interface.py:253]
[WARNING ] at [2025-07-29 09:20:55,186] No cache file 'cache/volume_spec_7919d65ff904b5464f7de8ffcc6f7a1ec01b96b73fe79e4eb5d1186b21add45f.pt' found.                     in [Function 'load_cached_volume'] [File /home/eprager/Documents/PyTorchExtensionTest/registration/data.py:153]
[  INFO  ] at [2025-07-29 09:20:55,186] Loading CT data file '/home/eprager/Documents/Data/4th year project/First/ct.nrrd'...                     in [Function 'read_volume'] [File /home/eprager/Documents/PyTorchExtensionTest/registration/data.py:28]
[  INFO  ] at [2025-07-29 09:20:55,799] CT data file loaded.                     in [Function 'read_volume'] [File /home/eprager/Documents/PyTorchExtensionTest/registration/data.py:33]
[  INFO  ] at [2025-07-29 09:20:55,814] Processing CT data...                     in [Function 'load_volume'] [File /home/eprager/Documents/PyTorchExtensionTest/registration/data.py:93]
[  INFO  ] at [2025-07-29 09:20:55,814] CT data volume size = [512 x 512 x 279]                     in [Function 'load_volume'] [File /home/eprager/Documents/PyTorchExtensionTest/registration/data.py:95]
[  INFO  ] at [2025-07-29 09:20:56,452] CT volume size after down-sampling = [256 x 256 x 139]                     in [Function 'load_volume'] [File /home/eprager/Documents/PyTorchExtensionTest/registration/data.py:104]
[  INFO  ] at [2025-07-29 09:20:56,452] CT voxel spacing after down-sampling = [0.6000000000000001 x 0.7139999999999999 x 0.7139999999999999] mm                     in [Function 'load_volume'] [File /home/eprager/Documents/PyTorchExtensionTest/registration/data.py:106]
[  INFO  ] at [2025-07-29 09:20:56,452] CT data file processed.                     in [Function 'load_volume'] [File /home/eprager/Documents/PyTorchExtensionTest/registration/data.py:107]
[  INFO  ] at [2025-07-29 09:20:56,601] Calculating 3D sinogram (the volume to resample)...                     in [Function 'calculate_volume_sinogram'] [File /home/eprager/Documents/PyTorchExtensionTest/registration/pre_computed.py:34]
[  INFO  ] at [2025-07-29 09:21:32,471] 3D sinogram calculated; took 35.8699s.                     in [Function 'calculate_volume_sinogram'] [File /home/eprager/Documents/PyTorchExtensionTest/registration/pre_computed.py:39]
[  INFO  ] at [2025-07-29 09:21:32,492] SinogramClassic initialised with size (phi count + 2, theta count + 2, r count) = (130, 130, 128)                     in [Function '__init__'] [File /home/eprager/Documents/PyTorchExtensionTest/registration/lib/sinogram.py:85]
[  INFO  ] at [2025-07-29 09:21:32,501] 3D sinogram saved to 'cache/volume_spec_7919d65ff904b5464f7de8ffcc6f7a1ec01b96b73fe79e4eb5d1186b21add45f.pt'                     in [Function 'calculate_volume_sinogram'] [File /home/eprager/Documents/PyTorchExtensionTest/registration/pre_computed.py:47]
[  INFO  ] at [2025-07-29 09:21:32,501] Loading X-ray DICOM file /home/eprager/Documents/Data/4th year project/First/x_ray/x_ray.dcm...                     in [Function 'read_dicom'] [File /home/eprager/Documents/PyTorchExtensionTest/registration/data.py:112]
[  INFO  ] at [2025-07-29 09:21:32,503] DICOM file loaded.                     in [Function 'read_dicom'] [File /home/eprager/Documents/PyTorchExtensionTest/registration/data.py:114]
[  INFO  ] at [2025-07-29 09:21:32,503] Processing DICOM data...                     in [Function 'read_dicom'] [File /home/eprager/Documents/PyTorchExtensionTest/registration/data.py:115]
[  INFO  ] at [2025-07-29 09:21:32,504] X-ray image size = [1080 x 1219]                     in [Function 'read_dicom'] [File /home/eprager/Documents/PyTorchExtensionTest/registration/data.py:117]
[  INFO  ] at [2025-07-29 09:21:32,505] X-ray image size after down-sampling = [270 x 304]                     in [Function 'read_dicom'] [File /home/eprager/Documents/PyTorchExtensionTest/registration/data.py:121]
[  INFO  ] at [2025-07-29 09:21:32,505] X-ray pixel spacing = [0.758400022983551 x 0.758400022983551] mm                     in [Function 'read_dicom'] [File /home/eprager/Documents/PyTorchExtensionTest/registration/data.py:128]
[  INFO  ] at [2025-07-29 09:21:32,505] X-ray distance source-to-patient = 948.000000 mm                     in [Function 'read_dicom'] [File /home/eprager/Documents/PyTorchExtensionTest/registration/data.py:130]
[  INFO  ] at [2025-07-29 09:21:32,505] X-ray DICOM file processed.                     in [Function 'read_dicom'] [File /home/eprager/Documents/PyTorchExtensionTest/registration/data.py:141]
[  INFO  ] at [2025-07-29 09:21:35,902] Saved data loaded from 'cache/saved_transformations.pkl'                     in [Function '__init__'] [File /home/eprager/Documents/PyTorchExtensionTest/registration/interface/lib/structs.py:112]
[  INFO  ] at [2025-07-29 09:21:35,930] Saved data loaded from 'cache/saved_hyperparameters.pkl'                     in [Function '__init__'] [File /home/eprager/Documents/PyTorchExtensionTest/registration/interface/lib/structs.py:112]
[  INFO  ] at [2025-07-29 09:26:36,516] Optimising with 'Particle swarm with 500 particles for 5 iterations'...                     in [Function 'run'] [File /home/eprager/Documents/PyTorchExtensionTest/registration/interface/register.py:177]
