Hostname: seesPC022
Timestamp: 2025-06-16_15-51-49
Command: /home/eprager/Documents/PyTorchExtensionTest/interface.py --ct-nrrd-path /home/eprager/Documents/Data/4th year project/First/ct.nrrd --x-ray /home/eprager/Documents/Data/4th year project/First/x_ray/x_ray.dcm 

[  INFO  ] at [2025-06-16 15:51:49,726] Using device: cuda                     in [Function 'main'] [File /home/eprager/Documents/PyTorchExtensionTest/interface.py:253]
[WARNING ] at [2025-06-16 15:51:49,726] No cache file 'cache/volume_spec_a047ed3901661bf69ddf3119b89900e05a04ef3a2ebc68d2ccb36f7254133eb6.pt' found.                     in [Function 'load_cached_volume'] [File /home/eprager/Documents/PyTorchExtensionTest/registration/data.py:135]
[  INFO  ] at [2025-06-16 15:51:49,727] Loading CT data file '/home/eprager/Documents/Data/4th year project/First/ct.nrrd'...                     in [Function 'read_volume'] [File /home/eprager/Documents/PyTorchExtensionTest/registration/data.py:22]
[  INFO  ] at [2025-06-16 15:51:50,332] CT data file loaded.                     in [Function 'read_volume'] [File /home/eprager/Documents/PyTorchExtensionTest/registration/data.py:27]
[  INFO  ] at [2025-06-16 15:51:50,345] Processing CT data...                     in [Function 'load_volume'] [File /home/eprager/Documents/PyTorchExtensionTest/registration/data.py:75]
[  INFO  ] at [2025-06-16 15:51:50,345] CT data volume size = [512 x 512 x 279]                     in [Function 'load_volume'] [File /home/eprager/Documents/PyTorchExtensionTest/registration/data.py:77]
[  INFO  ] at [2025-06-16 15:51:50,988] CT volume size after down-sampling = [256 x 256 x 139]                     in [Function 'load_volume'] [File /home/eprager/Documents/PyTorchExtensionTest/registration/data.py:86]
[  INFO  ] at [2025-06-16 15:51:50,989] CT voxel spacing after down-sampling = [0.6000000000000001 x 0.7139999999999999 x 0.7139999999999999] mm                     in [Function 'load_volume'] [File /home/eprager/Documents/PyTorchExtensionTest/registration/data.py:88]
[  INFO  ] at [2025-06-16 15:51:50,989] CT data file processed.                     in [Function 'load_volume'] [File /home/eprager/Documents/PyTorchExtensionTest/registration/data.py:89]
[  INFO  ] at [2025-06-16 15:51:51,134] Calculating 3D sinogram (the volume to resample)...                     in [Function 'calculate_volume_sinogram'] [File /home/eprager/Documents/PyTorchExtensionTest/registration/pre_computed.py:34]
[  INFO  ] at [2025-06-16 16:00:17,899] 3D sinogram calculated; took 506.7650s.                     in [Function 'calculate_volume_sinogram'] [File /home/eprager/Documents/PyTorchExtensionTest/registration/pre_computed.py:39]
[  INFO  ] at [2025-06-16 16:00:17,967] 3D sinogram saved to 'cache/volume_spec_a047ed3901661bf69ddf3119b89900e05a04ef3a2ebc68d2ccb36f7254133eb6.pt'                     in [Function 'calculate_volume_sinogram'] [File /home/eprager/Documents/PyTorchExtensionTest/registration/pre_computed.py:47]
[  INFO  ] at [2025-06-16 16:00:17,967] Loading X-ray DICOM file /home/eprager/Documents/Data/4th year project/First/x_ray/x_ray.dcm...                     in [Function 'read_dicom'] [File /home/eprager/Documents/PyTorchExtensionTest/registration/data.py:94]
[  INFO  ] at [2025-06-16 16:00:17,969] DICOM file loaded.                     in [Function 'read_dicom'] [File /home/eprager/Documents/PyTorchExtensionTest/registration/data.py:96]
[  INFO  ] at [2025-06-16 16:00:17,969] Processing DICOM data...                     in [Function 'read_dicom'] [File /home/eprager/Documents/PyTorchExtensionTest/registration/data.py:97]
[  INFO  ] at [2025-06-16 16:00:17,971] X-ray image size = [1080 x 1219]                     in [Function 'read_dicom'] [File /home/eprager/Documents/PyTorchExtensionTest/registration/data.py:99]
[  INFO  ] at [2025-06-16 16:00:17,972] X-ray image size after down-sampling = [270 x 304]                     in [Function 'read_dicom'] [File /home/eprager/Documents/PyTorchExtensionTest/registration/data.py:103]
[  INFO  ] at [2025-06-16 16:00:17,972] X-ray pixel spacing = [0.758400022983551 x 0.758400022983551] mm                     in [Function 'read_dicom'] [File /home/eprager/Documents/PyTorchExtensionTest/registration/data.py:110]
[  INFO  ] at [2025-06-16 16:00:17,972] X-ray distance source-to-patient = 948.000000 mm                     in [Function 'read_dicom'] [File /home/eprager/Documents/PyTorchExtensionTest/registration/data.py:112]
[  INFO  ] at [2025-06-16 16:00:17,972] X-ray DICOM file processed.                     in [Function 'read_dicom'] [File /home/eprager/Documents/PyTorchExtensionTest/registration/data.py:123]
[  INFO  ] at [2025-06-16 16:00:20,953] Saved data loaded from 'cache/saved_transformations.pkl'                     in [Function '__init__'] [File /home/eprager/Documents/PyTorchExtensionTest/registration/interface/lib/structs.py:112]
[  INFO  ] at [2025-06-16 16:00:20,985] Saved data loaded from 'cache/saved_hyperparameters.pkl'                     in [Function '__init__'] [File /home/eprager/Documents/PyTorchExtensionTest/registration/interface/lib/structs.py:112]
[  INFO  ] at [2025-06-16 16:00:43,027] Optimising with 'Particle swarm with 1000 particles for 10 iterations'...                     in [Function 'run'] [File /home/eprager/Documents/PyTorchExtensionTest/registration/interface/register.py:177]
