Hostname: seesPC022
Timestamp: 2025-06-16_15-02-22
Command: /home/eprager/Documents/PyTorchExtensionTest/interface.py --ct-nrrd-path /home/eprager/Documents/Data/4th year project/First/ct.nrrd --x-ray /home/eprager/Documents/Data/4th year project/First/x_ray/x_ray.dcm 

[  INFO  ] at [2025-06-16 15:02:22,290] Using device: cuda                     in [Function 'main'] [File /home/eprager/Documents/PyTorchExtensionTest/interface.py:253]
[WARNING ] at [2025-06-16 15:02:22,291] No cache file 'cache/volume_spec_02c18e5442abea82a6a9126cd642df52d9bf1744b1b6666c7853288be9a5ff0a.pt' found.                     in [Function 'load_cached_volume'] [File /home/eprager/Documents/PyTorchExtensionTest/registration/data.py:135]
[  INFO  ] at [2025-06-16 15:02:22,291] Loading CT data file '/home/eprager/Documents/Data/4th year project/First/ct.nrrd'...                     in [Function 'read_volume'] [File /home/eprager/Documents/PyTorchExtensionTest/registration/data.py:22]
[  INFO  ] at [2025-06-16 15:02:22,893] CT data file loaded.                     in [Function 'read_volume'] [File /home/eprager/Documents/PyTorchExtensionTest/registration/data.py:27]
[  INFO  ] at [2025-06-16 15:02:22,907] Processing CT data...                     in [Function 'load_volume'] [File /home/eprager/Documents/PyTorchExtensionTest/registration/data.py:75]
[  INFO  ] at [2025-06-16 15:02:22,908] CT data volume size = [512 x 512 x 279]                     in [Function 'load_volume'] [File /home/eprager/Documents/PyTorchExtensionTest/registration/data.py:77]
[  INFO  ] at [2025-06-16 15:02:23,564] CT volume size after down-sampling = [256 x 256 x 139]                     in [Function 'load_volume'] [File /home/eprager/Documents/PyTorchExtensionTest/registration/data.py:86]
[  INFO  ] at [2025-06-16 15:02:23,564] CT voxel spacing after down-sampling = [0.6000000000000001 x 0.7139999999999999 x 0.7139999999999999] mm                     in [Function 'load_volume'] [File /home/eprager/Documents/PyTorchExtensionTest/registration/data.py:88]
[  INFO  ] at [2025-06-16 15:02:23,564] CT data file processed.                     in [Function 'load_volume'] [File /home/eprager/Documents/PyTorchExtensionTest/registration/data.py:89]
[  INFO  ] at [2025-06-16 15:02:23,820] Calculating 3D sinogram (the volume to resample)...                     in [Function 'calculate_volume_sinogram'] [File /home/eprager/Documents/PyTorchExtensionTest/registration/pre_computed.py:34]
[  INFO  ] at [2025-06-16 15:07:41,309] 3D sinogram calculated; took 317.4887s.                     in [Function 'calculate_volume_sinogram'] [File /home/eprager/Documents/PyTorchExtensionTest/registration/pre_computed.py:39]
[  INFO  ] at [2025-06-16 15:07:41,354] 3D sinogram saved to 'cache/volume_spec_02c18e5442abea82a6a9126cd642df52d9bf1744b1b6666c7853288be9a5ff0a.pt'                     in [Function 'calculate_volume_sinogram'] [File /home/eprager/Documents/PyTorchExtensionTest/registration/pre_computed.py:47]
[  INFO  ] at [2025-06-16 15:07:41,355] Loading X-ray DICOM file /home/eprager/Documents/Data/4th year project/First/x_ray/x_ray.dcm...                     in [Function 'read_dicom'] [File /home/eprager/Documents/PyTorchExtensionTest/registration/data.py:94]
[  INFO  ] at [2025-06-16 15:07:41,357] DICOM file loaded.                     in [Function 'read_dicom'] [File /home/eprager/Documents/PyTorchExtensionTest/registration/data.py:96]
[  INFO  ] at [2025-06-16 15:07:41,357] Processing DICOM data...                     in [Function 'read_dicom'] [File /home/eprager/Documents/PyTorchExtensionTest/registration/data.py:97]
[  INFO  ] at [2025-06-16 15:07:41,358] X-ray image size = [1080 x 1219]                     in [Function 'read_dicom'] [File /home/eprager/Documents/PyTorchExtensionTest/registration/data.py:99]
[  INFO  ] at [2025-06-16 15:07:41,359] X-ray image size after down-sampling = [270 x 304]                     in [Function 'read_dicom'] [File /home/eprager/Documents/PyTorchExtensionTest/registration/data.py:103]
[  INFO  ] at [2025-06-16 15:07:41,359] X-ray pixel spacing = [0.758400022983551 x 0.758400022983551] mm                     in [Function 'read_dicom'] [File /home/eprager/Documents/PyTorchExtensionTest/registration/data.py:110]
[  INFO  ] at [2025-06-16 15:07:41,359] X-ray distance source-to-patient = 948.000000 mm                     in [Function 'read_dicom'] [File /home/eprager/Documents/PyTorchExtensionTest/registration/data.py:112]
[  INFO  ] at [2025-06-16 15:07:41,359] X-ray DICOM file processed.                     in [Function 'read_dicom'] [File /home/eprager/Documents/PyTorchExtensionTest/registration/data.py:123]
[  INFO  ] at [2025-06-16 15:07:44,124] Saved data loaded from 'cache/saved_transformations.pkl'                     in [Function '__init__'] [File /home/eprager/Documents/PyTorchExtensionTest/registration/interface/lib/structs.py:112]
[  INFO  ] at [2025-06-16 15:07:44,153] Saved data loaded from 'cache/saved_hyperparameters.pkl'                     in [Function '__init__'] [File /home/eprager/Documents/PyTorchExtensionTest/registration/interface/lib/structs.py:112]
[  INFO  ] at [2025-06-16 15:10:57,972] Values saved to 'cache/saved_transformations.pkl'                     in [Function 'save_to_file'] [File /home/eprager/Documents/PyTorchExtensionTest/registration/interface/lib/structs.py:137]
[  INFO  ] at [2025-06-16 15:10:57,972] Values saved to 'cache/saved_hyperparameters.pkl'                     in [Function 'save_to_file'] [File /home/eprager/Documents/PyTorchExtensionTest/registration/interface/lib/structs.py:137]
