Hostname: seesPC022
Timestamp: 2025-07-30_16-10-19
Command: /home/eprager/Documents/PyTorchExtensionTest/interface.py --sinogram-size 128 --ct-nrrd-path /home/eprager/.local/share/Cryptomator/mnt/Cochlea/cts_collected/ct010 --x-ray /home/eprager/.local/share/Cryptomator/mnt/Cochlea/xrays_collected/xray010.dcm 

[  INFO  ] at [2025-07-30 16:10:19,493] Using device: cuda                     in [Function 'main'] [File /home/eprager/Documents/PyTorchExtensionTest/interface.py:255]
[WARNING ] at [2025-07-30 16:10:19,494] No cache file 'cache/volume_spec_e75259dadf6ae1aba6991be5798f8bc6c98b7729705c79a55d4aee3d5fd7ebce.pt' found.                     in [Function 'load_cached_volume'] [File /home/eprager/Documents/PyTorchExtensionTest/registration/data.py:143]
[  INFO  ] at [2025-07-30 16:10:19,495] Loading CT DICOM data from directory '/home/eprager/.local/share/Cryptomator/mnt/Cochlea/cts_collected/ct010'...                     in [Function 'read_volume'] [File /home/eprager/Documents/PyTorchExtensionTest/registration/data.py:37]
[  INFO  ] at [2025-07-30 16:10:21,489] Processing CT data...                     in [Function 'load_volume'] [File /home/eprager/Documents/PyTorchExtensionTest/registration/data.py:89]
[  INFO  ] at [2025-07-30 16:10:21,489] CT data volume size = [142 x 512 x 512]                     in [Function 'load_volume'] [File /home/eprager/Documents/PyTorchExtensionTest/registration/data.py:91]
[  INFO  ] at [2025-07-30 16:10:21,560] CT volume size after down-sampling = [71 x 256 x 256]                     in [Function 'load_volume'] [File /home/eprager/Documents/PyTorchExtensionTest/registration/data.py:100]
[  INFO  ] at [2025-07-30 16:10:21,560] CT voxel spacing after down-sampling = [0.6640625 x 0.6640625 x 0.800048828125] mm                     in [Function 'load_volume'] [File /home/eprager/Documents/PyTorchExtensionTest/registration/data.py:102]
[  INFO  ] at [2025-07-30 16:10:21,560] CT data file processed.                     in [Function 'load_volume'] [File /home/eprager/Documents/PyTorchExtensionTest/registration/data.py:103]
[  INFO  ] at [2025-07-30 16:10:21,712] Calculating 3D sinogram (the volume to resample): volume size = [71 x 256 x 256], sinogram size = 128...                     in [Function 'calculate_volume_sinogram'] [File /home/eprager/Documents/PyTorchExtensionTest/registration/pre_computed.py:34]
[  INFO  ] at [2025-07-30 16:10:40,665] 3D sinogram calculated; took 18.9534s.                     in [Function 'calculate_volume_sinogram'] [File /home/eprager/Documents/PyTorchExtensionTest/registration/pre_computed.py:42]
[  INFO  ] at [2025-07-30 16:10:40,669] SinogramClassic initialised with size (phi count + 2, theta count + 2, r count) = (229, 116, 128)                     in [Function '__init__'] [File /home/eprager/Documents/PyTorchExtensionTest/registration/lib/sinogram.py:90]
[  INFO  ] at [2025-07-30 16:10:40,677] 3D sinogram saved to 'cache/volume_spec_e75259dadf6ae1aba6991be5798f8bc6c98b7729705c79a55d4aee3d5fd7ebce.pt'                     in [Function 'calculate_volume_sinogram'] [File /home/eprager/Documents/PyTorchExtensionTest/registration/pre_computed.py:50]
[  INFO  ] at [2025-07-30 16:10:40,677] Loading X-ray DICOM file /home/eprager/.local/share/Cryptomator/mnt/Cochlea/xrays_collected/xray010.dcm...                     in [Function 'read_dicom'] [File /home/eprager/Documents/PyTorchExtensionTest/registration/data.py:108]
[  INFO  ] at [2025-07-30 16:10:40,684] DICOM file loaded.                     in [Function 'read_dicom'] [File /home/eprager/Documents/PyTorchExtensionTest/registration/data.py:110]
[  INFO  ] at [2025-07-30 16:10:40,684] Processing DICOM data...                     in [Function 'read_dicom'] [File /home/eprager/Documents/PyTorchExtensionTest/registration/data.py:111]
[  INFO  ] at [2025-07-30 16:10:40,877] X-ray image size = [2880 x 2448]                     in [Function 'read_dicom'] [File /home/eprager/Documents/PyTorchExtensionTest/registration/data.py:113]
[  INFO  ] at [2025-07-30 16:10:40,878] X-ray image size after down-sampling = [720 x 612]                     in [Function 'read_dicom'] [File /home/eprager/Documents/PyTorchExtensionTest/registration/data.py:117]
[  INFO  ] at [2025-07-30 16:10:40,878] X-ray pixel spacing = [0.384799987077713 x 0.384799987077713] mm                     in [Function 'read_dicom'] [File /home/eprager/Documents/PyTorchExtensionTest/registration/data.py:122]
[  INFO  ] at [2025-07-30 16:10:40,878] X-ray distance source-to-patient = 962.000000 mm                     in [Function 'read_dicom'] [File /home/eprager/Documents/PyTorchExtensionTest/registration/data.py:124]
[  INFO  ] at [2025-07-30 16:10:40,878] X-ray DICOM file processed.                     in [Function 'read_dicom'] [File /home/eprager/Documents/PyTorchExtensionTest/registration/data.py:134]
[  INFO  ] at [2025-07-30 16:10:43,671] Saved data loaded from 'cache/saved_transformations.pkl'                     in [Function '__init__'] [File /home/eprager/Documents/PyTorchExtensionTest/registration/interface/lib/structs.py:112]
[  INFO  ] at [2025-07-30 16:10:43,699] Saved data loaded from 'cache/saved_hyperparameters.pkl'                     in [Function '__init__'] [File /home/eprager/Documents/PyTorchExtensionTest/registration/interface/lib/structs.py:112]
