Hostname: seesPC022
Timestamp: 2025-07-30_16-12-07
Command: /home/eprager/Documents/PyTorchExtensionTest/interface.py --sinogram-size 128 --ct-nrrd-path /home/eprager/.local/share/Cryptomator/mnt/Cochlea/cts_collected/ct010 --x-ray /home/eprager/.local/share/Cryptomator/mnt/Cochlea/xrays_collected/xray010.dcm 

[  INFO  ] at [2025-07-30 16:12:07,550] Using device: cuda                     in [Function 'main'] [File /home/eprager/Documents/PyTorchExtensionTest/interface.py:255]
[  INFO  ] at [2025-07-30 16:12:07,702] Loaded cached volume spec from 'cache/volume_spec_e75259dadf6ae1aba6991be5798f8bc6c98b7729705c79a55d4aee3d5fd7ebce.pt'; sinogram size = [229 x 116 x 128]                     in [Function 'load_cached_volume'] [File /home/eprager/Documents/PyTorchExtensionTest/registration/data.py:147]
[  INFO  ] at [2025-07-30 16:12:07,703] Loading CT DICOM data from directory '/home/eprager/.local/share/Cryptomator/mnt/Cochlea/cts_collected/ct010'...                     in [Function 'read_volume'] [File /home/eprager/Documents/PyTorchExtensionTest/registration/data.py:37]
[  INFO  ] at [2025-07-30 16:12:09,707] Processing CT data...                     in [Function 'load_volume'] [File /home/eprager/Documents/PyTorchExtensionTest/registration/data.py:89]
[  INFO  ] at [2025-07-30 16:12:09,707] CT data volume size = [142 x 512 x 512]                     in [Function 'load_volume'] [File /home/eprager/Documents/PyTorchExtensionTest/registration/data.py:91]
[  INFO  ] at [2025-07-30 16:12:09,786] CT volume size after down-sampling = [71 x 256 x 256]                     in [Function 'load_volume'] [File /home/eprager/Documents/PyTorchExtensionTest/registration/data.py:100]
[  INFO  ] at [2025-07-30 16:12:09,787] CT voxel spacing after down-sampling = [0.6640625 x 0.6640625 x 0.800048828125] mm                     in [Function 'load_volume'] [File /home/eprager/Documents/PyTorchExtensionTest/registration/data.py:102]
[  INFO  ] at [2025-07-30 16:12:09,787] CT data file processed.                     in [Function 'load_volume'] [File /home/eprager/Documents/PyTorchExtensionTest/registration/data.py:103]
[  INFO  ] at [2025-07-30 16:12:09,794] Loading X-ray DICOM file /home/eprager/.local/share/Cryptomator/mnt/Cochlea/xrays_collected/xray010.dcm...                     in [Function 'read_dicom'] [File /home/eprager/Documents/PyTorchExtensionTest/registration/data.py:108]
[  INFO  ] at [2025-07-30 16:12:09,800] DICOM file loaded.                     in [Function 'read_dicom'] [File /home/eprager/Documents/PyTorchExtensionTest/registration/data.py:110]
[  INFO  ] at [2025-07-30 16:12:09,800] Processing DICOM data...                     in [Function 'read_dicom'] [File /home/eprager/Documents/PyTorchExtensionTest/registration/data.py:111]
[  INFO  ] at [2025-07-30 16:12:09,997] X-ray image size = [2880 x 2448]                     in [Function 'read_dicom'] [File /home/eprager/Documents/PyTorchExtensionTest/registration/data.py:113]
[  INFO  ] at [2025-07-30 16:12:09,999] X-ray image size after down-sampling = [720 x 612]                     in [Function 'read_dicom'] [File /home/eprager/Documents/PyTorchExtensionTest/registration/data.py:117]
[  INFO  ] at [2025-07-30 16:12:09,999] X-ray pixel spacing = [0.384799987077713 x 0.384799987077713] mm                     in [Function 'read_dicom'] [File /home/eprager/Documents/PyTorchExtensionTest/registration/data.py:122]
[  INFO  ] at [2025-07-30 16:12:09,999] X-ray distance source-to-patient = 962.000000 mm                     in [Function 'read_dicom'] [File /home/eprager/Documents/PyTorchExtensionTest/registration/data.py:124]
[  INFO  ] at [2025-07-30 16:12:10,000] X-ray DICOM file processed.                     in [Function 'read_dicom'] [File /home/eprager/Documents/PyTorchExtensionTest/registration/data.py:134]
[  INFO  ] at [2025-07-30 16:12:12,752] Saved data loaded from 'cache/saved_transformations.pkl'                     in [Function '__init__'] [File /home/eprager/Documents/PyTorchExtensionTest/registration/interface/lib/structs.py:112]
[  INFO  ] at [2025-07-30 16:12:12,781] Saved data loaded from 'cache/saved_hyperparameters.pkl'                     in [Function '__init__'] [File /home/eprager/Documents/PyTorchExtensionTest/registration/interface/lib/structs.py:112]
[  INFO  ] at [2025-07-30 16:14:21,136] Optimising with 'Particle swarm with 1000 particles for 5 iterations'...                     in [Function 'run'] [File /home/eprager/Documents/PyTorchExtensionTest/registration/interface/register.py:177]
