Hostname: seesPC022
Timestamp: 2025-06-24_17-57-04
Command: /home/eprager/Documents/PyTorchExtensionTest/interface.py --ct-nrrd-path /home/eprager/Documents/Data/4th year project/First/ct.nrrd --x-ray /home/eprager/Documents/Data/4th year project/First/x_ray/x_ray.dcm 

[  INFO  ] at [2025-06-24 17:57:04,556] Using device: cuda                     in [Function 'main'] [File /home/eprager/Documents/PyTorchExtensionTest/interface.py:253]
[  INFO  ] at [2025-06-24 17:57:04,750] Loaded cached volume spec from 'cache/volume_spec_a047ed3901661bf69ddf3119b89900e05a04ef3a2ebc68d2ccb36f7254133eb6.pt'; sinogram size = [258 x 258 x 256]                     in [Function 'load_cached_volume'] [File /home/eprager/Documents/PyTorchExtensionTest/registration/data.py:160]
[  INFO  ] at [2025-06-24 17:57:04,750] Loading CT data file '/home/eprager/Documents/Data/4th year project/First/ct.nrrd'...                     in [Function 'read_volume'] [File /home/eprager/Documents/PyTorchExtensionTest/registration/data.py:26]
[  INFO  ] at [2025-06-24 17:57:05,386] CT data file loaded.                     in [Function 'read_volume'] [File /home/eprager/Documents/PyTorchExtensionTest/registration/data.py:31]
[  INFO  ] at [2025-06-24 17:57:05,402] Processing CT data...                     in [Function 'load_volume'] [File /home/eprager/Documents/PyTorchExtensionTest/registration/data.py:90]
[  INFO  ] at [2025-06-24 17:57:05,402] CT data volume size = [512 x 512 x 279]                     in [Function 'load_volume'] [File /home/eprager/Documents/PyTorchExtensionTest/registration/data.py:92]
[  INFO  ] at [2025-06-24 17:57:05,416] A                     in [Function 'load_volume'] [File /home/eprager/Documents/PyTorchExtensionTest/registration/data.py:94]
[  INFO  ] at [2025-06-24 17:57:05,439] A.1                     in [Function 'load_volume'] [File /home/eprager/Documents/PyTorchExtensionTest/registration/data.py:96]
[  INFO  ] at [2025-06-24 17:57:05,638] B                     in [Function 'load_volume'] [File /home/eprager/Documents/PyTorchExtensionTest/registration/data.py:98]
[  INFO  ] at [2025-06-24 17:57:05,832] C                     in [Function 'load_volume'] [File /home/eprager/Documents/PyTorchExtensionTest/registration/data.py:100]
[  INFO  ] at [2025-06-24 17:57:05,832] D                     in [Function 'load_volume'] [File /home/eprager/Documents/PyTorchExtensionTest/registration/data.py:102]
[  INFO  ] at [2025-06-24 17:57:05,832] D.1                     in [Function 'load_volume'] [File /home/eprager/Documents/PyTorchExtensionTest/registration/data.py:104]
[  INFO  ] at [2025-06-24 17:57:06,078] CT volume size after down-sampling = [256 x 256 x 139]                     in [Function 'load_volume'] [File /home/eprager/Documents/PyTorchExtensionTest/registration/data.py:107]
[  INFO  ] at [2025-06-24 17:57:06,078] CT voxel spacing after down-sampling = [0.6000000000000001 x 0.7139999999999999 x 0.7139999999999999] mm                     in [Function 'load_volume'] [File /home/eprager/Documents/PyTorchExtensionTest/registration/data.py:109]
[  INFO  ] at [2025-06-24 17:57:06,078] CT data file processed.                     in [Function 'load_volume'] [File /home/eprager/Documents/PyTorchExtensionTest/registration/data.py:110]
[  INFO  ] at [2025-06-24 17:57:06,092] Loading X-ray DICOM file /home/eprager/Documents/Data/4th year project/First/x_ray/x_ray.dcm...                     in [Function 'read_dicom'] [File /home/eprager/Documents/PyTorchExtensionTest/registration/data.py:115]
[  INFO  ] at [2025-06-24 17:57:06,102] DICOM file loaded.                     in [Function 'read_dicom'] [File /home/eprager/Documents/PyTorchExtensionTest/registration/data.py:117]
[  INFO  ] at [2025-06-24 17:57:06,102] Processing DICOM data...                     in [Function 'read_dicom'] [File /home/eprager/Documents/PyTorchExtensionTest/registration/data.py:118]
[  INFO  ] at [2025-06-24 17:57:06,104] X-ray image size = [1080 x 1219]                     in [Function 'read_dicom'] [File /home/eprager/Documents/PyTorchExtensionTest/registration/data.py:120]
[  INFO  ] at [2025-06-24 17:57:06,104] X-ray image size after down-sampling = [270 x 304]                     in [Function 'read_dicom'] [File /home/eprager/Documents/PyTorchExtensionTest/registration/data.py:124]
[  INFO  ] at [2025-06-24 17:57:06,104] X-ray pixel spacing = [0.758400022983551 x 0.758400022983551] mm                     in [Function 'read_dicom'] [File /home/eprager/Documents/PyTorchExtensionTest/registration/data.py:131]
[  INFO  ] at [2025-06-24 17:57:06,104] X-ray distance source-to-patient = 948.000000 mm                     in [Function 'read_dicom'] [File /home/eprager/Documents/PyTorchExtensionTest/registration/data.py:133]
[  INFO  ] at [2025-06-24 17:57:06,104] X-ray DICOM file processed.                     in [Function 'read_dicom'] [File /home/eprager/Documents/PyTorchExtensionTest/registration/data.py:144]
[  INFO  ] at [2025-06-24 17:57:10,066] Saved data loaded from 'cache/saved_transformations.pkl'                     in [Function '__init__'] [File /home/eprager/Documents/PyTorchExtensionTest/registration/interface/lib/structs.py:112]
[  INFO  ] at [2025-06-24 17:57:10,094] Saved data loaded from 'cache/saved_hyperparameters.pkl'                     in [Function '__init__'] [File /home/eprager/Documents/PyTorchExtensionTest/registration/interface/lib/structs.py:112]
[  INFO  ] at [2025-06-24 17:57:24,395] Optimising with 'Particle swarm with 500 particles for 5 iterations'...                     in [Function 'run'] [File /home/eprager/Documents/PyTorchExtensionTest/registration/interface/register.py:177]
